Arguments: 
  /usr/local/Cellar/node/14.12.0/bin/node /usr/local/Cellar/yarn/1.22.5/libexec/bin/yarn.js

PATH: 
  /usr/local/bin:/usr/bin:/bin:/usr/sbin:/sbin

Yarn version: 
  1.22.5

Node version: 
  14.12.0

Platform: 
  darwin x64

Trace: 
  Error: ENOENT: no such file or directory, copyfile '/Users/zhaoyunlong/Library/Caches/Yarn/v6/npm-is-fullwidth-code-point-1.0.0-ef9e31386f031a7f0d643af82fde50c457ef00cb-integrity/node_modules/is-fullwidth-code-point/license' -> '/Users/zhaoyunlong/前端项目/music_vue/node_modules/gauge/node_modules/is-fullwidth-code-point/license'

npm manifest: 
  {
    "name": "music_vue",
    "version": "0.1.0",
    "private": true,
    "scripts": {
      "serve": "vue-cli-service serve",
      "build": "vue-cli-service build",
      "lint": "vue-cli-service lint"
    },
    "dependencies": {
      "axios": "^0.21.0",
      "better-scroll": "^2.0.5",
      "core-js": "^3.6.5",
      "fastclick": "^1.0.6",
      "iscroll": "^5.2.0",
      "swiper": "^6.3.4",
      "velocity-animate": "^1.5.2",
      "vue": "^2.6.11",
      "vue-awesome-swiper": "^3.1.3",
      "vue-lazyload": "^1.3.3",
      "vue-router": "^3.2.0",
      "vuex": "^3.4.0"
    },
    "devDependencies": {
      "@vue/cli-plugin-babel": "~4.5.0",
      "@vue/cli-plugin-eslint": "~4.5.0",
      "@vue/cli-plugin-router": "~4.5.0",
      "@vue/cli-plugin-vuex": "~4.5.0",
      "@vue/cli-service": "~4.5.0",
      "@vue/eslint-config-standard": "^5.1.2",
      "babel-eslint": "^10.1.0",
      "eslint": "^6.7.2",
      "eslint-plugin-import": "^2.20.2",
      "eslint-plugin-node": "^11.1.0",
      "eslint-plugin-promise": "^4.2.1",
      "eslint-plugin-standard": "^4.0.0",
      "eslint-plugin-vue": "^6.2.2",
      "html-loader": "^1.3.2",
      "node-sass": "^4.14.1",
      "postcss-pxtorem": "^5.1.1",
      "sass": "^1.26.5",
      "sass-loader": "^8.0.2",
      "sass-resources-loader": "^2.1.1",
      "style-loader": "^2.0.0",
      "swiper": "^6.3.4",
      "vue-template-compiler": "^2.6.11"
    }
  }

yarn manifest: 
  No manifest

Lockfile: 
  No lockfile
